<?xml version="1.0" encoding="UTF-8"?>
<!-- Generated by org.testng.reporters.JUnitReportReporter -->
<testsuite hostname="MSI" failures="0" tests="3" name="SampleAPITest" time="0.906" errors="0" timestamp="2022-07-13T12:26:44 IST" skipped="0">
  <testcase classname="SampleAPITest" name="testNameElement" time="0.028"/>
  <system-out/>
  <testcase classname="SampleAPITest" name="testCanRelistElement" time="0.723"/>
  <system-out/>
  <testcase classname="SampleAPITest" name="testPromotionsForString" time="0.155"/>
  <system-out/>
</testsuite> <!-- SampleAPITest -->
